E:\BILLIARDS\BILLIARDS\BILLIARDS\DEBUG\BILLIARDS.EXE.INTERMEDIATE.MANIFEST
E:\Billiards\Billiards\Billiards\Debug\Billiards.vcxprojResolveAssemblyReference.cache
E:\Billiards\Billiards\Billiards\Debug\Billiards.write.1.tlog
E:\Billiards\Billiards\Billiards\Debug\cl.command.1.tlog
E:\Billiards\Billiards\Billiards\Debug\CL.read.1.tlog
E:\Billiards\Billiards\Billiards\Debug\CL.write.1.tlog
E:\BILLIARDS\BILLIARDS\BILLIARDS\DEBUG\DIRECTX.OBJ
E:\BILLIARDS\BILLIARDS\BILLIARDS\DEBUG\DX_MODEL.OBJ
E:\BILLIARDS\BILLIARDS\BILLIARDS\DEBUG\FONT.OBJ
E:\BILLIARDS\BILLIARDS\BILLIARDS\DEBUG\FRAMERATE.OBJ
E:\BILLIARDS\BILLIARDS\BILLIARDS\DEBUG\FUNC.OBJ
E:\Billiards\Billiards\Billiards\Debug\link.command.1.tlog
E:\Billiards\Billiards\Billiards\Debug\link.read.1.tlog
E:\Billiards\Billiards\Billiards\Debug\link.write.1.tlog
E:\BILLIARDS\BILLIARDS\BILLIARDS\DEBUG\MAIN.OBJ
E:\Billiards\Billiards\Billiards\Debug\mt.command.1.tlog
E:\Billiards\Billiards\Billiards\Debug\mt.read.1.tlog
E:\Billiards\Billiards\Billiards\Debug\mt.write.1.tlog
E:\BILLIARDS\BILLIARDS\BILLIARDS\DEBUG\PROCESS.OBJ
E:\Billiards\Billiards\Billiards\Debug\vc100.idb
E:\BILLIARDS\BILLIARDS\BILLIARDS\DEBUG\VC100.PDB
E:\BILLIARDS\BILLIARDS\BILLIARDS\DEBUG\WINDOW.OBJ
E:\BILLIARDS\BILLIARDS\DEBUG\BILLIARDS.EXE
E:\BILLIARDS\BILLIARDS\DEBUG\BILLIARDS.ILK
E:\BILLIARDS\BILLIARDS\DEBUG\BILLIARDS.PDB
